{
  "stats": {
    "suites": 0,
    "tests": 1,
    "passes": 1,
    "pending": 0,
    "failures": 0,
    "start": "2023-02-08T13:43:00.676Z",
    "end": "2023-02-08T13:43:04.742Z",
    "duration": 4066,
    "testsRegistered": 1,
    "passPercent": 100,
    "pendingPercent": 0,
    "other": 0,
    "hasOther": false,
    "skipped": 0,
    "hasSkipped": false
  },
  "results": [
    {
      "uuid": "e008487c-2bb3-4a1a-9b13-dae4c0ce22ba",
      "title": "",
      "fullFile": "cypress\\e2e\\Login.cy.ts",
      "file": "cypress\\e2e\\Login.cy.ts",
      "beforeHooks": [],
      "afterHooks": [],
      "tests": [
        {
          "title": "login test using POM",
          "fullTitle": "login test using POM",
          "timedOut": null,
          "duration": 1342,
          "state": "passed",
          "speed": "fast",
          "pass": true,
          "fail": false,
          "pending": false,
          "context": null,
          "code": "logintest.navigate('https://trytestingthis.netlify.app/');\nlogintest.username('test');\nlogintest.password('test');\nlogintest.clickSubmit();\n// cy.visit('https://trytestingthis.netlify.app/');\n//cy.get('#uname').type('test');\n//cy.get('#pwd').type('test');\n//cy.get('[type=\"submit\"]').click();",
          "err": {},
          "uuid": "0383abc9-b2c9-4808-b913-ded164232d0c",
          "parentUUID": "e008487c-2bb3-4a1a-9b13-dae4c0ce22ba",
          "isHook": false,
          "skipped": false
        }
      ],
      "suites": [],
      "passes": [
        "0383abc9-b2c9-4808-b913-ded164232d0c"
      ],
      "failures": [],
      "pending": [],
      "skipped": [],
      "duration": 1342,
      "root": true,
      "rootEmpty": false,
      "_timeout": 2000
    }
  ],
  "meta": {
    "mocha": {
      "version": "7.0.1"
    },
    "mochawesome": {
      "options": {
        "quiet": false,
        "reportFilename": "mochawesome",
        "saveHtml": false,
        "saveJson": true,
        "consoleReporter": "spec",
        "useInlineDiffs": false,
        "code": true
      },
      "version": "7.1.3"
    },
    "marge": {
      "options": {
        "charts": true,
        "overwrite": false,
        "html": false,
        "json": true,
        "reportDir": "cypress/reports/mochawesome-report"
      },
      "version": "6.2.0"
    }
  }
}