{
  "stats": {
    "suites": 0,
    "tests": 1,
    "passes": 1,
    "pending": 0,
    "failures": 0,
    "start": "2023-02-08T13:42:25.003Z",
    "end": "2023-02-08T13:42:29.135Z",
    "duration": 4132,
    "testsRegistered": 1,
    "passPercent": 100,
    "pendingPercent": 0,
    "other": 0,
    "hasOther": false,
    "skipped": 0,
    "hasSkipped": false
  },
  "results": [
    {
      "uuid": "a3a1401a-7cce-46ca-a4c5-f7b3c526dd03",
      "title": "",
      "fullFile": "cypress\\e2e\\assertations.cy.ts",
      "file": "cypress\\e2e\\assertations.cy.ts",
      "beforeHooks": [],
      "afterHooks": [],
      "tests": [
        {
          "title": "validating assertations",
          "fullTitle": "validating assertations",
          "timedOut": null,
          "duration": 1642,
          "state": "passed",
          "speed": "fast",
          "pass": true,
          "fail": false,
          "pending": false,
          "context": null,
          "code": "cy.visit('https://example.cypress.io/');\ncy.contains('get').click();\n//  cy.get('#query-btn').should('contain','Button');\n/* cy.get('#query-btn')\n .should('contain','Button')\n .should('have.class','query-btn')\n .should('be.visible')\n .should('be.enabled');\n   cy.get('#query-btn').invoke('attr','id')\n   .should('equal','query-btn');\n   \n   */\n//cy.get('#query-btn')\n//.should('contain','Button')\n//and ('have.class','query-btn');\n//EXPLICIT ASSERTATION\nexpect(true).to.be.true;\nlet name = \"Shivani\";\nexpect(name).to.be.equal('Shivani');\n//this will be passed in equal but not in strictly equal\nassert.equal(4, 4, 'equal');\nassert.strictEqual('hi', 'hi', 'strictly equal');\n//assert.strictEqual(4,'4','not strcitly equal');",
          "err": {},
          "uuid": "42e32bd6-0f49-433b-97cc-5eb4da2a51b7",
          "parentUUID": "a3a1401a-7cce-46ca-a4c5-f7b3c526dd03",
          "isHook": false,
          "skipped": false
        }
      ],
      "suites": [],
      "passes": [
        "42e32bd6-0f49-433b-97cc-5eb4da2a51b7"
      ],
      "failures": [],
      "pending": [],
      "skipped": [],
      "duration": 1642,
      "root": true,
      "rootEmpty": false,
      "_timeout": 2000
    }
  ],
  "meta": {
    "mocha": {
      "version": "7.0.1"
    },
    "mochawesome": {
      "options": {
        "quiet": false,
        "reportFilename": "mochawesome",
        "saveHtml": false,
        "saveJson": true,
        "consoleReporter": "spec",
        "useInlineDiffs": false,
        "code": true
      },
      "version": "7.1.3"
    },
    "marge": {
      "options": {
        "charts": true,
        "overwrite": false,
        "html": false,
        "json": true,
        "reportDir": "cypress/reports/mochawesome-report"
      },
      "version": "6.2.0"
    }
  }
}