{
  "stats": {
    "suites": 1,
    "tests": 1,
    "passes": 1,
    "pending": 0,
    "failures": 0,
    "start": "2023-02-08T13:43:09.327Z",
    "end": "2023-02-08T13:43:12.355Z",
    "duration": 3028,
    "testsRegistered": 1,
    "passPercent": 100,
    "pendingPercent": 0,
    "other": 0,
    "hasOther": false,
    "skipped": 0,
    "hasSkipped": false
  },
  "results": [
    {
      "uuid": "3a843842-c3c7-4380-bc6e-d1bcd242770d",
      "title": "",
      "fullFile": "cypress\\e2e\\spec.cy.ts",
      "file": "cypress\\e2e\\spec.cy.ts",
      "beforeHooks": [],
      "afterHooks": [],
      "tests": [],
      "suites": [
        {
          "uuid": "c24d5586-4cce-4db9-b853-196b1f155279",
          "title": "template spec",
          "fullFile": "",
          "file": "",
          "beforeHooks": [],
          "afterHooks": [],
          "tests": [
            {
              "title": "passes",
              "fullTitle": "template spec passes",
              "timedOut": null,
              "duration": 558,
              "state": "passed",
              "speed": "fast",
              "pass": true,
              "fail": false,
              "pending": false,
              "context": null,
              "code": "cy.visit('https://example.cypress.io');",
              "err": {},
              "uuid": "3e353f75-266e-4d47-9420-b205830c1226",
              "parentUUID": "c24d5586-4cce-4db9-b853-196b1f155279",
              "isHook": false,
              "skipped": false
            }
          ],
          "suites": [],
          "passes": [
            "3e353f75-266e-4d47-9420-b205830c1226"
          ],
          "failures": [],
          "pending": [],
          "skipped": [],
          "duration": 558,
          "root": false,
          "rootEmpty": false,
          "_timeout": 2000
        }
      ],
      "passes": [],
      "failures": [],
      "pending": [],
      "skipped": [],
      "duration": 0,
      "root": true,
      "rootEmpty": true,
      "_timeout": 2000
    }
  ],
  "meta": {
    "mocha": {
      "version": "7.0.1"
    },
    "mochawesome": {
      "options": {
        "quiet": false,
        "reportFilename": "mochawesome",
        "saveHtml": false,
        "saveJson": true,
        "consoleReporter": "spec",
        "useInlineDiffs": false,
        "code": true
      },
      "version": "7.1.3"
    },
    "marge": {
      "options": {
        "charts": true,
        "overwrite": false,
        "html": false,
        "json": true,
        "reportDir": "cypress/reports/mochawesome-report"
      },
      "version": "6.2.0"
    }
  }
}